<?xml version="1.0" encoding="UTF-8"?>
<!-- Generated by org.testng.reporters.JUnitReportReporter -->
<testsuite hostname="alocalbox-20hb001uus" failures="0" tests="3" name="com.mycompany.vertxschematester.Ipv6PrefixRangeNGTest" time="0.001" errors="0" timestamp="2021-07-30T13:21:43 EDT" skipped="0">
  <testcase classname="com.mycompany.vertxschematester.Ipv6PrefixRangeNGTest" name="removeStart" time="0.000"/>
  <system-out/>
  <testcase classname="com.mycompany.vertxschematester.Ipv6PrefixRangeNGTest" name="validate" time="0.000"/>
  <system-out/>
  <testcase classname="com.mycompany.vertxschematester.Ipv6PrefixRangeNGTest" name="removeEnd" time="0.001"/>
  <system-out/>
</testsuite> <!-- com.mycompany.vertxschematester.Ipv6PrefixRangeNGTest -->
