<?xml version="1.0" encoding="UTF-8"?>
<!-- Generated by org.testng.reporters.JUnitReportReporter -->
<testsuite hostname="alocalbox-20hb001uus" failures="0" tests="2" name="com.mycompany.vertxschematester.DnnSmfInfoItemNGTest" time="0.002" errors="0" timestamp="2021-07-30T13:21:43 EDT" skipped="0">
  <testcase classname="com.mycompany.vertxschematester.DnnSmfInfoItemNGTest" name="removeDnn" time="0.001"/>
  <system-out/>
  <testcase classname="com.mycompany.vertxschematester.DnnSmfInfoItemNGTest" name="validate" time="0.001"/>
  <system-out/>
</testsuite> <!-- com.mycompany.vertxschematester.DnnSmfInfoItemNGTest -->
