<?xml version="1.0" encoding="UTF-8"?>
<!-- Generated by org.testng.reporters.JUnitReportReporter -->
<testsuite hostname="alocalbox-20hb001uus" failures="0" tests="3" name="com.mycompany.vertxschematester.DnnUpfInfoItemNGTest" time="0.064" errors="0" timestamp="2021-07-30T13:21:43 EDT" skipped="0">
  <testcase classname="com.mycompany.vertxschematester.DnnUpfInfoItemNGTest" name="validate" time="0.032"/>
  <system-out/>
  <testcase classname="com.mycompany.vertxschematester.DnnUpfInfoItemNGTest" name="removeServiceName" time="0.001"/>
  <system-out/>
  <testcase classname="com.mycompany.vertxschematester.DnnUpfInfoItemNGTest" name="ClearArraysRequiredToHaveEntries" time="0.031"/>
  <system-out/>
</testsuite> <!-- com.mycompany.vertxschematester.DnnUpfInfoItemNGTest -->
