<?xml version="1.0" encoding="UTF-8"?>
<!-- Generated by org.testng.reporters.JUnitReportReporter -->
<testsuite hostname="alocalbox-20hb001uus" failures="0" tests="3" name="com.mycompany.vertxschematester.DefaultNotificationSubscriptionNGTest" time="0.008" errors="0" timestamp="2021-07-30T13:21:43 EDT" skipped="0">
  <testcase classname="com.mycompany.vertxschematester.DefaultNotificationSubscriptionNGTest" name="clearVersions" time="0.003"/>
  <system-out/>
  <testcase classname="com.mycompany.vertxschematester.DefaultNotificationSubscriptionNGTest" name="removeRequiredFields" time="0.002"/>
  <system-out/>
  <testcase classname="com.mycompany.vertxschematester.DefaultNotificationSubscriptionNGTest" name="validate" time="0.003"/>
  <system-out/>
</testsuite> <!-- com.mycompany.vertxschematester.DefaultNotificationSubscriptionNGTest -->
